<?xml version="1.0" encoding="UTF-8"?>
<testsuite name="com.northwind.splunk.When_using_SplunkLoggingProvider" tests="2" skipped="0" failures="0" errors="0" timestamp="2020-02-23T22:34:44" hostname="WTLADEVUNOORI" time="0.012">
  <properties/>
  <testcase name="io_check()" classname="com.northwind.splunk.When_using_SplunkLoggingProvider" time="0.009"/>
  <testcase name="error_response_should_throw_exception()" classname="com.northwind.splunk.When_using_SplunkLoggingProvider" time="0.001"/>
  <system-out><![CDATA[]]></system-out>
  <system-err><![CDATA[]]></system-err>
</testsuite>
