<?xml version="1.0" encoding="UTF-8"?>
<testsuite name="com.northwind.splunk.SplunkCallerTest" tests="2" skipped="0" failures="0" errors="0" timestamp="2020-02-23T22:34:43" hostname="WTLADEVUNOORI" time="0.759">
  <properties/>
  <testcase name="clientCallTest()" classname="com.northwind.splunk.SplunkCallerTest" time="0.749"/>
  <testcase name="an_event_is_required()" classname="com.northwind.splunk.SplunkCallerTest" time="0.009"/>
  <system-out><![CDATA[]]></system-out>
  <system-err><![CDATA[]]></system-err>
</testsuite>
